2018-02-20 23:14:26,828 - Log4JLogChute initialized using file 'velocity.log'
2018-02-20 23:14:26,828 - Velocity was not initialized! Calling init()...
2018-02-20 23:14:26,828 - Starting Apache Velocity v1.5 (compiled: 2007-02-22 08:52:29)
2018-02-20 23:14:26,828 - Default Properties File: org\apache\velocity\runtime\defaults\velocity.properties
2018-02-20 23:14:26,828 - Trying to use logger class org.apache.velocity.runtime.log.AvalonLogChute
2018-02-20 23:14:26,844 - Couldn't find class org.apache.velocity.runtime.log.AvalonLogChute or necessary supporting classes in classpath.
java.lang.NoClassDefFoundError: org/apache/log/format/Formatter
	at java.lang.Class.forName0(Native Method)
	at java.lang.Class.forName(Class.java:348)
	at org.apache.velocity.util.ClassUtils.getClass(ClassUtils.java:63)
	at org.apache.velocity.util.ClassUtils.getNewInstance(ClassUtils.java:95)
	at org.apache.velocity.runtime.log.LogManager.createLogChute(LogManager.java:147)
	at org.apache.velocity.runtime.log.LogManager.updateLog(LogManager.java:208)
	at org.apache.velocity.runtime.RuntimeInstance.initializeLog(RuntimeInstance.java:728)
	at org.apache.velocity.runtime.RuntimeInstance.init(RuntimeInstance.java:240)
	at org.apache.velocity.runtime.RuntimeInstance.parse(RuntimeInstance.java:993)
	at org.apache.velocity.runtime.RuntimeInstance.parse(RuntimeInstance.java:972)
	at org.apache.velocity.runtime.RuntimeSingleton.parse(RuntimeSingleton.java:265)
	at org.apache.velocity.app.Velocity.evaluate(Velocity.java:274)
	at org.sonatype.mavenbook.weather.WeatherFormatter.format(WeatherFormatter.java:21)
	at org.sonatype.mavenbook.weather.Main.start(Main.java:37)
	at org.sonatype.mavenbook.weather.Main.main(Main.java:20)
	at sun.reflect.NativeMethodAccessorImpl.invoke0(Native Method)
	at sun.reflect.NativeMethodAccessorImpl.invoke(NativeMethodAccessorImpl.java:62)
	at sun.reflect.DelegatingMethodAccessorImpl.invoke(DelegatingMethodAccessorImpl.java:43)
	at java.lang.reflect.Method.invoke(Method.java:498)
	at org.codehaus.mojo.exec.ExecJavaMojo$1.run(ExecJavaMojo.java:282)
	at java.lang.Thread.run(Thread.java:748)
Caused by: java.lang.ClassNotFoundException: org.apache.log.format.Formatter
	at java.net.URLClassLoader.findClass(URLClassLoader.java:381)
	at java.lang.ClassLoader.loadClass(ClassLoader.java:424)
	at java.lang.ClassLoader.loadClass(ClassLoader.java:357)
	... 21 more
2018-02-20 23:14:26,860 - Trying to use logger class org.apache.velocity.runtime.log.Log4JLogChute
2018-02-20 23:14:26,860 - Using logger class org.apache.velocity.runtime.log.Log4JLogChute
2018-02-20 23:14:26,860 - Default ResourceManager initializing. (class org.apache.velocity.runtime.resource.ResourceManagerImpl)
2018-02-20 23:14:26,875 - ResourceLoader instantiated: org.apache.velocity.runtime.resource.loader.FileResourceLoader
2018-02-20 23:14:26,875 - Do unicode file recognition:  false
2018-02-20 23:14:26,875 - FileResourceLoader : adding path '.'
2018-02-20 23:14:26,985 - ResourceCache: initialized (class org.apache.velocity.runtime.resource.ResourceCacheImpl)
2018-02-20 23:14:26,985 - Loaded System Directive: org.apache.velocity.runtime.directive.Literal
2018-02-20 23:14:27,000 - Loaded System Directive: org.apache.velocity.runtime.directive.Macro
2018-02-20 23:14:27,000 - Loaded System Directive: org.apache.velocity.runtime.directive.Parse
2018-02-20 23:14:27,016 - Loaded System Directive: org.apache.velocity.runtime.directive.Include
2018-02-20 23:14:27,016 - Loaded System Directive: org.apache.velocity.runtime.directive.Foreach
2018-02-20 23:14:27,110 - Created '20' parsers.
2018-02-20 23:14:27,141 - Velocimacro : "velocimacro.library" is not set.  Trying default library: VM_global_library.vm
2018-02-20 23:14:27,141 - Velocimacro : Default library not found.
2018-02-20 23:14:27,141 - Velocimacro : allowInline = true : VMs can be defined inline in templates
2018-02-20 23:14:27,141 - Velocimacro : allowInlineToOverride = false : VMs defined inline may NOT replace previous VM definitions
2018-02-20 23:14:27,141 - Velocimacro : allowInlineLocal = false : VMs defined inline will be global in scope if allowed.
2018-02-20 23:14:27,141 - Velocimacro : autoload off : VM system will not automatically reload global library macros
2018-02-20 23:15:31,324 - Log4JLogChute initialized using file 'velocity.log'
2018-02-20 23:15:31,325 - Velocity was not initialized! Calling init()...
2018-02-20 23:15:31,325 - Starting Apache Velocity v1.5 (compiled: 2007-02-22 08:52:29)
2018-02-20 23:15:31,325 - Default Properties File: org\apache\velocity\runtime\defaults\velocity.properties
2018-02-20 23:15:31,325 - Trying to use logger class org.apache.velocity.runtime.log.AvalonLogChute
2018-02-20 23:15:31,328 - Couldn't find class org.apache.velocity.runtime.log.AvalonLogChute or necessary supporting classes in classpath.
java.lang.NoClassDefFoundError: org/apache/log/format/Formatter
	at java.lang.Class.forName0(Native Method)
	at java.lang.Class.forName(Class.java:348)
	at org.apache.velocity.util.ClassUtils.getClass(ClassUtils.java:63)
	at org.apache.velocity.util.ClassUtils.getNewInstance(ClassUtils.java:95)
	at org.apache.velocity.runtime.log.LogManager.createLogChute(LogManager.java:147)
	at org.apache.velocity.runtime.log.LogManager.updateLog(LogManager.java:208)
	at org.apache.velocity.runtime.RuntimeInstance.initializeLog(RuntimeInstance.java:728)
	at org.apache.velocity.runtime.RuntimeInstance.init(RuntimeInstance.java:240)
	at org.apache.velocity.runtime.RuntimeInstance.parse(RuntimeInstance.java:993)
	at org.apache.velocity.runtime.RuntimeInstance.parse(RuntimeInstance.java:972)
	at org.apache.velocity.runtime.RuntimeSingleton.parse(RuntimeSingleton.java:265)
	at org.apache.velocity.app.Velocity.evaluate(Velocity.java:274)
	at org.sonatype.mavenbook.weather.WeatherFormatter.format(WeatherFormatter.java:21)
	at org.sonatype.mavenbook.weather.Main.start(Main.java:37)
	at org.sonatype.mavenbook.weather.Main.main(Main.java:20)
	at sun.reflect.NativeMethodAccessorImpl.invoke0(Native Method)
	at sun.reflect.NativeMethodAccessorImpl.invoke(NativeMethodAccessorImpl.java:62)
	at sun.reflect.DelegatingMethodAccessorImpl.invoke(DelegatingMethodAccessorImpl.java:43)
	at java.lang.reflect.Method.invoke(Method.java:498)
	at org.codehaus.mojo.exec.ExecJavaMojo$1.run(ExecJavaMojo.java:282)
	at java.lang.Thread.run(Thread.java:748)
Caused by: java.lang.ClassNotFoundException: org.apache.log.format.Formatter
	at java.net.URLClassLoader.findClass(URLClassLoader.java:381)
	at java.lang.ClassLoader.loadClass(ClassLoader.java:424)
	at java.lang.ClassLoader.loadClass(ClassLoader.java:357)
	... 21 more
2018-02-20 23:15:31,335 - Trying to use logger class org.apache.velocity.runtime.log.Log4JLogChute
2018-02-20 23:15:31,335 - Using logger class org.apache.velocity.runtime.log.Log4JLogChute
2018-02-20 23:15:31,341 - Default ResourceManager initializing. (class org.apache.velocity.runtime.resource.ResourceManagerImpl)
2018-02-20 23:15:31,353 - ResourceLoader instantiated: org.apache.velocity.runtime.resource.loader.FileResourceLoader
2018-02-20 23:15:31,357 - Do unicode file recognition:  false
2018-02-20 23:15:31,358 - FileResourceLoader : adding path '.'
2018-02-20 23:15:31,393 - ResourceCache: initialized (class org.apache.velocity.runtime.resource.ResourceCacheImpl)
2018-02-20 23:15:31,396 - Loaded System Directive: org.apache.velocity.runtime.directive.Literal
2018-02-20 23:15:31,403 - Loaded System Directive: org.apache.velocity.runtime.directive.Macro
2018-02-20 23:15:31,407 - Loaded System Directive: org.apache.velocity.runtime.directive.Parse
2018-02-20 23:15:31,411 - Loaded System Directive: org.apache.velocity.runtime.directive.Include
2018-02-20 23:15:31,414 - Loaded System Directive: org.apache.velocity.runtime.directive.Foreach
2018-02-20 23:15:31,510 - Created '20' parsers.
2018-02-20 23:15:31,537 - Velocimacro : "velocimacro.library" is not set.  Trying default library: VM_global_library.vm
2018-02-20 23:15:31,538 - Velocimacro : Default library not found.
2018-02-20 23:15:31,539 - Velocimacro : allowInline = true : VMs can be defined inline in templates
2018-02-20 23:15:31,539 - Velocimacro : allowInlineToOverride = false : VMs defined inline may NOT replace previous VM definitions
2018-02-20 23:15:31,539 - Velocimacro : allowInlineLocal = false : VMs defined inline will be global in scope if allowed.
2018-02-20 23:15:31,539 - Velocimacro : autoload off : VM system will not automatically reload global library macros
