2018-02-21 21:27:31,419 - Trying to use logger class org.apache.velocity.runtime.log.Log4JLogChute
2018-02-21 21:27:31,419 - Using logger class org.apache.velocity.runtime.log.Log4JLogChute
2018-02-21 21:27:31,419 - Default ResourceManager initializing. (class org.apache.velocity.runtime.resource.ResourceManagerImpl)
2018-02-21 21:27:31,435 - ResourceLoader instantiated: org.apache.velocity.runtime.resource.loader.FileResourceLoader
2018-02-21 21:27:31,435 - Do unicode file recognition:  false
2018-02-21 21:27:31,435 - FileResourceLoader : adding path '.'
2018-02-21 21:27:31,466 - ResourceCache: initialized (class org.apache.velocity.runtime.resource.ResourceCacheImpl)
2018-02-21 21:27:31,481 - Loaded System Directive: org.apache.velocity.runtime.directive.Literal
2018-02-21 21:27:31,481 - Loaded System Directive: org.apache.velocity.runtime.directive.Macro
2018-02-21 21:27:31,497 - Loaded System Directive: org.apache.velocity.runtime.directive.Parse
2018-02-21 21:27:31,497 - Loaded System Directive: org.apache.velocity.runtime.directive.Include
2018-02-21 21:27:31,497 - Loaded System Directive: org.apache.velocity.runtime.directive.Foreach
2018-02-21 21:27:31,575 - Created '20' parsers.
2018-02-21 21:27:31,591 - Velocimacro : "velocimacro.library" is not set.  Trying default library: VM_global_library.vm
2018-02-21 21:27:31,591 - Velocimacro : Default library not found.
2018-02-21 21:27:31,591 - Velocimacro : allowInline = true : VMs can be defined inline in templates
2018-02-21 21:27:31,591 - Velocimacro : allowInlineToOverride = false : VMs defined inline may NOT replace previous VM definitions
2018-02-21 21:27:31,591 - Velocimacro : allowInlineLocal = false : VMs defined inline will be global in scope if allowed.
2018-02-21 21:27:31,591 - Velocimacro : autoload off : VM system will not automatically reload global library macros
2018-03-02 14:26:00,474 - Log4JLogChute initialized using file 'velocity.log'
2018-03-02 14:26:00,477 - Velocity was not initialized! Calling init()...
2018-03-02 14:26:00,477 - Starting Apache Velocity v1.5 (compiled: 2007-02-22 08:52:29)
2018-03-02 14:26:00,477 - Default Properties File: org\apache\velocity\runtime\defaults\velocity.properties
2018-03-02 14:26:00,478 - Trying to use logger class org.apache.velocity.runtime.log.AvalonLogChute
2018-03-02 14:26:00,492 - Couldn't find class org.apache.velocity.runtime.log.AvalonLogChute or necessary supporting classes in classpath.
java.lang.NoClassDefFoundError: org/apache/log/format/Formatter
	at java.lang.Class.forName0(Native Method)
	at java.lang.Class.forName(Unknown Source)
	at org.apache.velocity.util.ClassUtils.getClass(ClassUtils.java:63)
	at org.apache.velocity.util.ClassUtils.getNewInstance(ClassUtils.java:95)
	at org.apache.velocity.runtime.log.LogManager.createLogChute(LogManager.java:147)
	at org.apache.velocity.runtime.log.LogManager.updateLog(LogManager.java:208)
	at org.apache.velocity.runtime.RuntimeInstance.initializeLog(RuntimeInstance.java:728)
	at org.apache.velocity.runtime.RuntimeInstance.init(RuntimeInstance.java:240)
	at org.apache.velocity.runtime.RuntimeInstance.parse(RuntimeInstance.java:993)
	at org.apache.velocity.runtime.RuntimeInstance.parse(RuntimeInstance.java:972)
	at org.apache.velocity.runtime.RuntimeSingleton.parse(RuntimeSingleton.java:265)
	at org.apache.velocity.app.Velocity.evaluate(Velocity.java:274)
	at org.sonatype.mavenbook.weather.WeatherFormatter.format(WeatherFormatter.java:21)
	at org.sonatype.mavenbook.weather.WeatherFormatterTest.testFormat(WeatherFormatterTest.java:22)
	at sun.reflect.NativeMethodAccessorImpl.invoke0(Native Method)
	at sun.reflect.NativeMethodAccessorImpl.invoke(Unknown Source)
	at sun.reflect.DelegatingMethodAccessorImpl.invoke(Unknown Source)
	at java.lang.reflect.Method.invoke(Unknown Source)
	at junit.framework.TestCase.runTest(TestCase.java:176)
	at junit.framework.TestCase.runBare(TestCase.java:141)
	at junit.framework.TestResult$1.protect(TestResult.java:122)
	at junit.framework.TestResult.runProtected(TestResult.java:142)
	at junit.framework.TestResult.run(TestResult.java:125)
	at junit.framework.TestCase.run(TestCase.java:129)
	at junit.framework.TestSuite.runTest(TestSuite.java:252)
	at junit.framework.TestSuite.run(TestSuite.java:247)
	at org.junit.internal.runners.JUnit38ClassRunner.run(JUnit38ClassRunner.java:86)
	at org.eclipse.jdt.internal.junit4.runner.JUnit4TestReference.run(JUnit4TestReference.java:86)
	at org.eclipse.jdt.internal.junit.runner.TestExecution.run(TestExecution.java:38)
	at org.eclipse.jdt.internal.junit.runner.RemoteTestRunner.runTests(RemoteTestRunner.java:538)
	at org.eclipse.jdt.internal.junit.runner.RemoteTestRunner.runTests(RemoteTestRunner.java:760)
	at org.eclipse.jdt.internal.junit.runner.RemoteTestRunner.run(RemoteTestRunner.java:460)
	at org.eclipse.jdt.internal.junit.runner.RemoteTestRunner.main(RemoteTestRunner.java:206)
Caused by: java.lang.ClassNotFoundException: org.apache.log.format.Formatter
	at java.net.URLClassLoader.findClass(Unknown Source)
	at java.lang.ClassLoader.loadClass(Unknown Source)
	at sun.misc.Launcher$AppClassLoader.loadClass(Unknown Source)
	at java.lang.ClassLoader.loadClass(Unknown Source)
	... 33 more
2018-03-02 14:26:00,502 - Trying to use logger class org.apache.velocity.runtime.log.Log4JLogChute
2018-03-02 14:26:00,502 - Using logger class org.apache.velocity.runtime.log.Log4JLogChute
2018-03-02 14:26:00,520 - Default ResourceManager initializing. (class org.apache.velocity.runtime.resource.ResourceManagerImpl)
2018-03-02 14:26:00,535 - ResourceLoader instantiated: org.apache.velocity.runtime.resource.loader.FileResourceLoader
2018-03-02 14:26:00,540 - Do unicode file recognition:  false
2018-03-02 14:26:00,541 - FileResourceLoader : adding path '.'
2018-03-02 14:26:00,678 - ResourceCache: initialized (class org.apache.velocity.runtime.resource.ResourceCacheImpl)
2018-03-02 14:26:00,683 - Loaded System Directive: org.apache.velocity.runtime.directive.Literal
2018-03-02 14:26:00,688 - Loaded System Directive: org.apache.velocity.runtime.directive.Macro
2018-03-02 14:26:00,693 - Loaded System Directive: org.apache.velocity.runtime.directive.Parse
2018-03-02 14:26:00,698 - Loaded System Directive: org.apache.velocity.runtime.directive.Include
2018-03-02 14:26:00,701 - Loaded System Directive: org.apache.velocity.runtime.directive.Foreach
2018-03-02 14:26:00,786 - Created '20' parsers.
2018-03-02 14:26:00,810 - Velocimacro : "velocimacro.library" is not set.  Trying default library: VM_global_library.vm
2018-03-02 14:26:00,812 - Velocimacro : Default library not found.
2018-03-02 14:26:00,812 - Velocimacro : allowInline = true : VMs can be defined inline in templates
2018-03-02 14:26:00,812 - Velocimacro : allowInlineToOverride = false : VMs defined inline may NOT replace previous VM definitions
2018-03-02 14:26:00,812 - Velocimacro : allowInlineLocal = false : VMs defined inline will be global in scope if allowed.
2018-03-02 14:26:00,812 - Velocimacro : autoload off : VM system will not automatically reload global library macros
2018-03-02 14:26:34,625 - Log4JLogChute initialized using file 'velocity.log'
2018-03-02 14:26:34,627 - Velocity was not initialized! Calling init()...
2018-03-02 14:26:34,628 - Starting Apache Velocity v1.5 (compiled: 2007-02-22 08:52:29)
2018-03-02 14:26:34,628 - Default Properties File: org\apache\velocity\runtime\defaults\velocity.properties
2018-03-02 14:26:34,629 - Trying to use logger class org.apache.velocity.runtime.log.AvalonLogChute
2018-03-02 14:26:34,637 - Couldn't find class org.apache.velocity.runtime.log.AvalonLogChute or necessary supporting classes in classpath.
java.lang.NoClassDefFoundError: org/apache/log/format/Formatter
	at java.lang.Class.forName0(Native Method)
	at java.lang.Class.forName(Unknown Source)
	at org.apache.velocity.util.ClassUtils.getClass(ClassUtils.java:63)
	at org.apache.velocity.util.ClassUtils.getNewInstance(ClassUtils.java:95)
	at org.apache.velocity.runtime.log.LogManager.createLogChute(LogManager.java:147)
	at org.apache.velocity.runtime.log.LogManager.updateLog(LogManager.java:208)
	at org.apache.velocity.runtime.RuntimeInstance.initializeLog(RuntimeInstance.java:728)
	at org.apache.velocity.runtime.RuntimeInstance.init(RuntimeInstance.java:240)
	at org.apache.velocity.runtime.RuntimeInstance.parse(RuntimeInstance.java:993)
	at org.apache.velocity.runtime.RuntimeInstance.parse(RuntimeInstance.java:972)
	at org.apache.velocity.runtime.RuntimeSingleton.parse(RuntimeSingleton.java:265)
	at org.apache.velocity.app.Velocity.evaluate(Velocity.java:274)
	at org.sonatype.mavenbook.weather.WeatherFormatter.format(WeatherFormatter.java:21)
	at org.sonatype.mavenbook.weather.WeatherFormatterTest.testFormat(WeatherFormatterTest.java:22)
	at sun.reflect.NativeMethodAccessorImpl.invoke0(Native Method)
	at sun.reflect.NativeMethodAccessorImpl.invoke(Unknown Source)
	at sun.reflect.DelegatingMethodAccessorImpl.invoke(Unknown Source)
	at java.lang.reflect.Method.invoke(Unknown Source)
	at junit.framework.TestCase.runTest(TestCase.java:176)
	at junit.framework.TestCase.runBare(TestCase.java:141)
	at junit.framework.TestResult$1.protect(TestResult.java:122)
	at junit.framework.TestResult.runProtected(TestResult.java:142)
	at junit.framework.TestResult.run(TestResult.java:125)
	at junit.framework.TestCase.run(TestCase.java:129)
	at junit.framework.TestSuite.runTest(TestSuite.java:252)
	at junit.framework.TestSuite.run(TestSuite.java:247)
	at org.junit.internal.runners.JUnit38ClassRunner.run(JUnit38ClassRunner.java:86)
	at org.eclipse.jdt.internal.junit4.runner.JUnit4TestReference.run(JUnit4TestReference.java:86)
	at org.eclipse.jdt.internal.junit.runner.TestExecution.run(TestExecution.java:38)
	at org.eclipse.jdt.internal.junit.runner.RemoteTestRunner.runTests(RemoteTestRunner.java:538)
	at org.eclipse.jdt.internal.junit.runner.RemoteTestRunner.runTests(RemoteTestRunner.java:760)
	at org.eclipse.jdt.internal.junit.runner.RemoteTestRunner.run(RemoteTestRunner.java:460)
	at org.eclipse.jdt.internal.junit.runner.RemoteTestRunner.main(RemoteTestRunner.java:206)
Caused by: java.lang.ClassNotFoundException: org.apache.log.format.Formatter
	at java.net.URLClassLoader.findClass(Unknown Source)
	at java.lang.ClassLoader.loadClass(Unknown Source)
	at sun.misc.Launcher$AppClassLoader.loadClass(Unknown Source)
	at java.lang.ClassLoader.loadClass(Unknown Source)
	... 33 more
2018-03-02 14:26:34,649 - Trying to use logger class org.apache.velocity.runtime.log.Log4JLogChute
2018-03-02 14:26:34,650 - Using logger class org.apache.velocity.runtime.log.Log4JLogChute
2018-03-02 14:26:34,663 - Default ResourceManager initializing. (class org.apache.velocity.runtime.resource.ResourceManagerImpl)
2018-03-02 14:26:34,683 - ResourceLoader instantiated: org.apache.velocity.runtime.resource.loader.FileResourceLoader
2018-03-02 14:26:34,689 - Do unicode file recognition:  false
2018-03-02 14:26:34,690 - FileResourceLoader : adding path '.'
2018-03-02 14:26:34,876 - ResourceCache: initialized (class org.apache.velocity.runtime.resource.ResourceCacheImpl)
2018-03-02 14:26:34,884 - Loaded System Directive: org.apache.velocity.runtime.directive.Literal
2018-03-02 14:26:34,895 - Loaded System Directive: org.apache.velocity.runtime.directive.Macro
2018-03-02 14:26:34,903 - Loaded System Directive: org.apache.velocity.runtime.directive.Parse
2018-03-02 14:26:34,914 - Loaded System Directive: org.apache.velocity.runtime.directive.Include
2018-03-02 14:26:34,919 - Loaded System Directive: org.apache.velocity.runtime.directive.Foreach
2018-03-02 14:26:35,371 - Created '20' parsers.
2018-03-02 14:26:35,431 - Velocimacro : "velocimacro.library" is not set.  Trying default library: VM_global_library.vm
2018-03-02 14:26:35,433 - Velocimacro : Default library not found.
2018-03-02 14:26:35,433 - Velocimacro : allowInline = true : VMs can be defined inline in templates
2018-03-02 14:26:35,434 - Velocimacro : allowInlineToOverride = false : VMs defined inline may NOT replace previous VM definitions
2018-03-02 14:26:35,434 - Velocimacro : allowInlineLocal = false : VMs defined inline will be global in scope if allowed.
2018-03-02 14:26:35,441 - Velocimacro : autoload off : VM system will not automatically reload global library macros
